2025-06-14 23:35:47,431 - ERROR - Failed to load data: [Errno 2] No such file or directory: 'Hackathon_bureau_data_400.csv'
2025-06-14 23:36:01,738 - INFO - Loaded data/Hackathon_bureau_data_400.csv with 400 rows
2025-06-14 23:36:01,738 - INFO - Available columns: ['id', 'var_0', 'var_1', 'var_2', 'var_3', 'var_4', 'pin', 'var_5', 'var_6', 'var_7', 'var_8', 'var_9', 'var_10', 'var_11', 'var_12', 'var_13', 'var_14', 'var_15', 'var_16', 'var_17', 'var_18', 'var_19', 'var_20', 'var_21', 'var_22', 'var_23', 'var_24', 'var_25', 'var_26', 'var_27', 'age', 'var_28', 'var_29', 'var_30', 'var_31', 'var_32', 'var_33', 'var_34', 'var_35', 'var_36', 'var_37', 'var_38', 'var_39', 'var_40', 'var_41', 'var_42', 'var_43', 'var_44', 'var_45', 'var_46', 'var_47', 'var_48', 'var_49', 'var_50', 'var_51', 'var_52', 'var_53', 'var_54', 'var_55', 'var_56', 'var_57', 'var_58', 'var_59', 'var_60', 'var_61', 'var_62', 'var_63', 'var_64', 'var_65', 'var_66', 'var_67', 'var_68', 'var_69', 'var_70', 'var_71', 'var_72', 'var_73', 'var_74', 'var_75', 'gender', 'marital_status', 'city', 'state', 'residence_ownership', 'target_income', 'device_model', 'device_category', 'platform', 'device_manufacturer']
2025-06-14 23:36:01,741 - INFO - Features with missing data (%):
var_0                   4.50
var_1                   4.50
var_2                  58.25
var_3                  69.75
var_4                  56.50
                       ...  
residence_ownership    61.25
device_model           23.75
device_category        23.75
platform               22.50
device_manufacturer    22.50
Length: 83, dtype: float64
2025-06-14 23:36:01,741 - INFO - Starting rule-based imputation...
2025-06-14 23:36:01,742 - INFO - Imputing var_0...
2025-06-14 23:36:01,743 - INFO - Imputed var_0. Missing values: 0
2025-06-14 23:36:01,743 - INFO - Imputing var_1...
2025-06-14 23:36:01,744 - INFO - Imputed var_1. Missing values: 0
2025-06-14 23:36:01,744 - INFO - Imputing var_2...
2025-06-14 23:36:01,745 - INFO - Imputed var_2. Missing values: 0
2025-06-14 23:36:01,745 - INFO - Imputing var_3...
2025-06-14 23:36:01,746 - INFO - Imputed var_3. Missing values: 0
2025-06-14 23:36:01,746 - INFO - Imputing var_4...
2025-06-14 23:36:01,748 - INFO - Imputed var_4. Missing values: 0
2025-06-14 23:36:01,748 - INFO - Imputing var_5...
2025-06-14 23:36:01,749 - INFO - Imputed var_5. Missing values: 0
2025-06-14 23:36:01,749 - INFO - Imputing var_6...
2025-06-14 23:36:01,750 - INFO - Imputed var_6. Missing values: 0
2025-06-14 23:36:01,750 - INFO - Imputing var_7...
2025-06-14 23:36:01,751 - INFO - Imputed var_7. Missing values: 0
2025-06-14 23:36:01,752 - INFO - Imputing var_8...
2025-06-14 23:36:01,754 - INFO - Imputed var_8. Missing values: 0
2025-06-14 23:36:01,754 - INFO - Imputing var_9...
2025-06-14 23:36:01,756 - INFO - Imputed var_9. Missing values: 0
2025-06-14 23:36:01,756 - INFO - Imputing var_10...
2025-06-14 23:36:01,757 - INFO - Imputed var_10. Missing values: 0
2025-06-14 23:36:01,758 - INFO - Imputing var_14...
2025-06-14 23:36:01,758 - INFO - Imputed var_14. Missing values: 0
2025-06-14 23:36:01,758 - INFO - Imputing var_15...
2025-06-14 23:36:01,759 - INFO - Imputed var_15. Missing values: 0
2025-06-14 23:36:01,760 - INFO - Imputing var_16...
2025-06-14 23:36:01,760 - INFO - Imputed var_16. Missing values: 0
2025-06-14 23:36:01,760 - INFO - Imputing var_17...
2025-06-14 23:36:01,761 - INFO - Imputed var_17. Missing values: 0
2025-06-14 23:36:01,761 - INFO - Imputing var_18...
2025-06-14 23:36:01,762 - INFO - Imputed var_18. Missing values: 0
2025-06-14 23:36:01,762 - INFO - Imputing var_19...
2025-06-14 23:36:01,763 - INFO - Imputed var_19. Missing values: 0
2025-06-14 23:36:01,763 - INFO - Imputing var_20...
2025-06-14 23:36:01,763 - INFO - Imputed var_20. Missing values: 0
2025-06-14 23:36:01,764 - INFO - Imputing var_21...
2025-06-14 23:36:01,764 - INFO - Imputed var_21. Missing values: 0
2025-06-14 23:36:01,764 - INFO - Imputing var_22...
2025-06-14 23:36:01,765 - INFO - Imputed var_22. Missing values: 0
2025-06-14 23:36:01,765 - INFO - Imputing var_24...
2025-06-14 23:36:01,766 - INFO - Imputed var_24. Missing values: 0
2025-06-14 23:36:01,766 - INFO - Imputing var_25...
2025-06-14 23:36:01,767 - INFO - Imputed var_25. Missing values: 0
2025-06-14 23:36:01,767 - INFO - Imputing var_26...
2025-06-14 23:36:01,770 - INFO - Imputed var_26. Missing values: 0
2025-06-14 23:36:01,771 - INFO - Imputing var_27...
2025-06-14 23:36:01,772 - INFO - Imputed var_27. Missing values: 0
2025-06-14 23:36:01,773 - INFO - Imputing var_30...
2025-06-14 23:36:01,774 - INFO - Imputed var_30. Missing values: 0
2025-06-14 23:36:01,774 - INFO - Imputing var_31...
2025-06-14 23:36:01,775 - INFO - Imputed var_31. Missing values: 0
2025-06-14 23:36:01,775 - INFO - Imputing var_32...
2025-06-14 23:36:01,776 - INFO - Imputed var_32. Missing values: 0
2025-06-14 23:36:01,777 - INFO - Imputing var_35...
2025-06-14 23:36:01,777 - INFO - Imputed var_35. Missing values: 0
2025-06-14 23:36:01,777 - INFO - Imputing var_36...
2025-06-14 23:36:01,778 - INFO - Imputed var_36. Missing values: 0
2025-06-14 23:36:01,778 - INFO - Imputing var_37...
2025-06-14 23:36:01,779 - INFO - Imputed var_37. Missing values: 0
2025-06-14 23:36:01,779 - INFO - Imputing var_38...
2025-06-14 23:36:01,780 - INFO - Imputed var_38. Missing values: 0
2025-06-14 23:36:01,780 - INFO - Imputing var_40...
2025-06-14 23:36:01,781 - INFO - Imputed var_40. Missing values: 7
2025-06-14 23:36:01,781 - INFO - Imputing var_41...
2025-06-14 23:36:01,782 - INFO - Imputed var_41. Missing values: 0
2025-06-14 23:36:01,782 - INFO - Imputing var_42...
2025-06-14 23:36:01,783 - INFO - Imputed var_42. Missing values: 0
2025-06-14 23:36:01,783 - INFO - Imputing var_43...
2025-06-14 23:36:01,784 - INFO - Imputed var_43. Missing values: 0
2025-06-14 23:36:01,785 - INFO - Imputing var_44...
2025-06-14 23:36:01,787 - INFO - Imputed var_44. Missing values: 0
2025-06-14 23:36:01,787 - INFO - Imputing var_47...
2025-06-14 23:36:01,789 - INFO - Imputed var_47. Missing values: 0
2025-06-14 23:36:01,789 - INFO - Imputing var_48...
2025-06-14 23:36:01,790 - INFO - Imputed var_48. Missing values: 0
2025-06-14 23:36:01,790 - INFO - Imputing var_49...
2025-06-14 23:36:01,791 - INFO - Imputed var_49. Missing values: 0
2025-06-14 23:36:01,791 - INFO - Imputing var_50...
2025-06-14 23:36:01,792 - INFO - Imputed var_50. Missing values: 0
2025-06-14 23:36:01,793 - INFO - Imputing var_51...
2025-06-14 23:36:01,794 - INFO - Imputed var_51. Missing values: 0
2025-06-14 23:36:01,794 - INFO - Imputing var_52...
2025-06-14 23:36:01,795 - INFO - Imputed var_52. Missing values: 0
2025-06-14 23:36:01,795 - INFO - Imputing var_53...
2025-06-14 23:36:01,798 - INFO - Imputed var_53. Missing values: 0
2025-06-14 23:36:01,798 - INFO - Imputing var_54...
2025-06-14 23:36:01,799 - INFO - Imputed var_54. Missing values: 0
2025-06-14 23:36:01,799 - INFO - Imputing var_55...
2025-06-14 23:36:01,800 - INFO - Imputed var_55. Missing values: 0
2025-06-14 23:36:01,800 - INFO - Imputing var_56...
2025-06-14 23:36:01,802 - INFO - Imputed var_56. Missing values: 0
2025-06-14 23:36:01,802 - INFO - Imputing var_57...
2025-06-14 23:36:01,803 - INFO - Imputed var_57. Missing values: 0
2025-06-14 23:36:01,804 - INFO - Imputing var_58...
2025-06-14 23:36:01,805 - INFO - Imputed var_58. Missing values: 0
2025-06-14 23:36:01,805 - INFO - Imputing var_59...
2025-06-14 23:36:01,807 - INFO - Imputed var_59. Missing values: 0
2025-06-14 23:36:01,807 - INFO - Imputing var_60...
2025-06-14 23:36:01,808 - INFO - Imputed var_60. Missing values: 0
2025-06-14 23:36:01,808 - INFO - Imputing var_61...
2025-06-14 23:36:01,809 - INFO - Imputed var_61. Missing values: 0
2025-06-14 23:36:01,809 - INFO - Imputing var_62...
2025-06-14 23:36:01,810 - INFO - Imputed var_62. Missing values: 0
2025-06-14 23:36:01,810 - INFO - Imputing var_63...
2025-06-14 23:36:01,811 - INFO - Imputed var_63. Missing values: 0
2025-06-14 23:36:01,811 - INFO - Imputing var_64...
2025-06-14 23:36:01,812 - INFO - Imputed var_64. Missing values: 0
2025-06-14 23:36:01,812 - INFO - Imputing var_65...
2025-06-14 23:36:01,813 - INFO - Imputed var_65. Missing values: 0
2025-06-14 23:36:01,813 - INFO - Imputing var_66...
2025-06-14 23:36:01,814 - INFO - Imputed var_66. Missing values: 0
2025-06-14 23:36:01,814 - INFO - Imputing var_68...
2025-06-14 23:36:01,815 - INFO - Imputed var_68. Missing values: 0
2025-06-14 23:36:01,816 - INFO - Imputing var_69...
2025-06-14 23:36:01,817 - INFO - Imputed var_69. Missing values: 0
2025-06-14 23:36:01,817 - INFO - Imputing var_70...
2025-06-14 23:36:01,819 - INFO - Imputed var_70. Missing values: 0
2025-06-14 23:36:01,820 - INFO - Imputing var_71...
2025-06-14 23:36:01,821 - INFO - Imputed var_71. Missing values: 0
2025-06-14 23:36:01,821 - INFO - Imputing var_72...
2025-06-14 23:36:01,823 - INFO - Imputed var_72. Missing values: 0
2025-06-14 23:36:01,823 - INFO - Imputing var_73...
2025-06-14 23:36:01,824 - INFO - Imputed var_73. Missing values: 0
2025-06-14 23:36:01,824 - INFO - Imputing gender...
2025-06-14 23:36:01,826 - INFO - Imputed gender. Missing values: 0
2025-06-14 23:36:01,826 - INFO - Imputing city...
2025-06-14 23:36:01,831 - INFO - Imputed city. Missing values: 0
2025-06-14 23:36:01,832 - INFO - Imputing residence_ownership...
2025-06-14 23:36:01,833 - INFO - Imputed residence_ownership. Missing values: 0
2025-06-14 23:36:01,833 - INFO - Imputing device_model...
2025-06-14 23:36:01,835 - INFO - Imputed device_model. Missing values: 0
2025-06-14 23:36:01,835 - INFO - Imputing device_category...
2025-06-14 23:36:01,839 - INFO - Imputed device_category. Missing values: 0
2025-06-14 23:36:01,839 - INFO - Imputing platform...
2025-06-14 23:36:01,840 - INFO - Imputed platform. Missing values: 0
2025-06-14 23:36:01,841 - INFO - Imputing device_manufacturer...
2025-06-14 23:36:01,842 - INFO - Imputed device_manufacturer. Missing values: 0
2025-06-14 23:36:01,842 - INFO - Imputing var_74...
2025-06-14 23:36:01,843 - INFO - Imputed var_74. Missing values: 0
2025-06-14 23:36:01,843 - INFO - Imputing var_75...
2025-06-14 23:36:01,844 - INFO - Imputed var_75. Missing values: 0
2025-06-14 23:36:01,899 - INFO - Saved imputed data to data/Hackathon_bureau_data_400_imputed.csv
2025-06-14 23:36:03,255 - INFO - Column var_74 identified as categorical (e.g., 'Not Scored: No Updates available in last 36 months').
2025-06-14 23:36:03,256 - INFO - Column var_75 identified as categorical (e.g., 'PERFORM CONSUMER 2.0').
2025-06-14 23:36:03,256 - INFO - Total features for modeling: 80 (75 numeric, 5 categorical)
2025-06-14 23:36:03,257 - INFO - Features: ['var_0', 'var_1', 'var_2', 'var_3', 'var_4', 'var_5', 'var_6', 'var_7', 'var_8', 'var_9', 'var_10', 'var_11', 'var_12', 'var_13', 'var_14', 'var_15', 'var_16', 'var_17', 'var_18', 'var_19', 'var_20', 'var_21', 'var_22', 'var_23', 'var_24', 'var_25', 'var_26', 'var_27', 'var_28', 'var_29', 'var_30', 'var_31', 'var_32', 'var_33', 'var_34', 'var_35', 'var_36', 'var_37', 'var_38', 'var_39', 'var_40', 'var_41', 'var_42', 'var_43', 'var_44', 'var_45', 'var_46', 'var_47', 'var_48', 'var_49', 'var_50', 'var_51', 'var_52', 'var_53', 'var_54', 'var_55', 'var_56', 'var_57', 'var_58', 'var_59', 'var_60', 'var_61', 'var_62', 'var_63', 'var_64', 'var_65', 'var_66', 'var_67', 'var_68', 'var_69', 'var_70', 'var_71', 'var_72', 'var_73', 'age', 'gender', 'residence_ownership', 'var_75', 'var_74', 'marital_status']
2025-06-14 23:36:54,345 - INFO - Loaded data/Hackathon_bureau_data_400.csv with 400 rows
2025-06-14 23:36:54,345 - INFO - Available columns: ['id', 'var_0', 'var_1', 'var_2', 'var_3', 'var_4', 'pin', 'var_5', 'var_6', 'var_7', 'var_8', 'var_9', 'var_10', 'var_11', 'var_12', 'var_13', 'var_14', 'var_15', 'var_16', 'var_17', 'var_18', 'var_19', 'var_20', 'var_21', 'var_22', 'var_23', 'var_24', 'var_25', 'var_26', 'var_27', 'age', 'var_28', 'var_29', 'var_30', 'var_31', 'var_32', 'var_33', 'var_34', 'var_35', 'var_36', 'var_37', 'var_38', 'var_39', 'var_40', 'var_41', 'var_42', 'var_43', 'var_44', 'var_45', 'var_46', 'var_47', 'var_48', 'var_49', 'var_50', 'var_51', 'var_52', 'var_53', 'var_54', 'var_55', 'var_56', 'var_57', 'var_58', 'var_59', 'var_60', 'var_61', 'var_62', 'var_63', 'var_64', 'var_65', 'var_66', 'var_67', 'var_68', 'var_69', 'var_70', 'var_71', 'var_72', 'var_73', 'var_74', 'var_75', 'gender', 'marital_status', 'city', 'state', 'residence_ownership', 'target_income', 'device_model', 'device_category', 'platform', 'device_manufacturer']
2025-06-14 23:36:54,348 - INFO - Features with missing data (%):
var_0                   4.50
var_1                   4.50
var_2                  58.25
var_3                  69.75
var_4                  56.50
                       ...  
residence_ownership    61.25
device_model           23.75
device_category        23.75
platform               22.50
device_manufacturer    22.50
Length: 83, dtype: float64
2025-06-14 23:36:54,348 - INFO - Starting rule-based imputation...
2025-06-14 23:36:54,348 - INFO - Imputing var_0...
2025-06-14 23:36:54,349 - INFO - Imputed var_0. Missing values: 0
2025-06-14 23:36:54,350 - INFO - Imputing var_1...
2025-06-14 23:36:54,351 - INFO - Imputed var_1. Missing values: 0
2025-06-14 23:36:54,351 - INFO - Imputing var_2...
2025-06-14 23:36:54,352 - INFO - Imputed var_2. Missing values: 0
2025-06-14 23:36:54,352 - INFO - Imputing var_3...
2025-06-14 23:36:54,353 - INFO - Imputed var_3. Missing values: 0
2025-06-14 23:36:54,353 - INFO - Imputing var_4...
2025-06-14 23:36:54,356 - INFO - Imputed var_4. Missing values: 0
2025-06-14 23:36:54,357 - INFO - Imputing var_5...
2025-06-14 23:36:54,358 - INFO - Imputed var_5. Missing values: 0
2025-06-14 23:36:54,358 - INFO - Imputing var_6...
2025-06-14 23:36:54,360 - INFO - Imputed var_6. Missing values: 0
2025-06-14 23:36:54,360 - INFO - Imputing var_7...
2025-06-14 23:36:54,361 - INFO - Imputed var_7. Missing values: 0
2025-06-14 23:36:54,361 - INFO - Imputing var_8...
2025-06-14 23:36:54,362 - INFO - Imputed var_8. Missing values: 0
2025-06-14 23:36:54,362 - INFO - Imputing var_9...
2025-06-14 23:36:54,363 - INFO - Imputed var_9. Missing values: 0
2025-06-14 23:36:54,364 - INFO - Imputing var_10...
2025-06-14 23:36:54,364 - INFO - Imputed var_10. Missing values: 0
2025-06-14 23:36:54,365 - INFO - Imputing var_14...
2025-06-14 23:36:54,365 - INFO - Imputed var_14. Missing values: 0
2025-06-14 23:36:54,366 - INFO - Imputing var_15...
2025-06-14 23:36:54,367 - INFO - Imputed var_15. Missing values: 0
2025-06-14 23:36:54,367 - INFO - Imputing var_16...
2025-06-14 23:36:54,368 - INFO - Imputed var_16. Missing values: 0
2025-06-14 23:36:54,368 - INFO - Imputing var_17...
2025-06-14 23:36:54,369 - INFO - Imputed var_17. Missing values: 0
2025-06-14 23:36:54,369 - INFO - Imputing var_18...
2025-06-14 23:36:54,370 - INFO - Imputed var_18. Missing values: 0
2025-06-14 23:36:54,370 - INFO - Imputing var_19...
2025-06-14 23:36:54,371 - INFO - Imputed var_19. Missing values: 0
2025-06-14 23:36:54,371 - INFO - Imputing var_20...
2025-06-14 23:36:54,373 - INFO - Imputed var_20. Missing values: 0
2025-06-14 23:36:54,373 - INFO - Imputing var_21...
2025-06-14 23:36:54,375 - INFO - Imputed var_21. Missing values: 0
2025-06-14 23:36:54,375 - INFO - Imputing var_22...
2025-06-14 23:36:54,377 - INFO - Imputed var_22. Missing values: 0
2025-06-14 23:36:54,377 - INFO - Imputing var_24...
2025-06-14 23:36:54,378 - INFO - Imputed var_24. Missing values: 0
2025-06-14 23:36:54,378 - INFO - Imputing var_25...
2025-06-14 23:36:54,379 - INFO - Imputed var_25. Missing values: 0
2025-06-14 23:36:54,379 - INFO - Imputing var_26...
2025-06-14 23:36:54,379 - INFO - Imputed var_26. Missing values: 0
2025-06-14 23:36:54,380 - INFO - Imputing var_27...
2025-06-14 23:36:54,380 - INFO - Imputed var_27. Missing values: 0
2025-06-14 23:36:54,380 - INFO - Imputing var_30...
2025-06-14 23:36:54,381 - INFO - Imputed var_30. Missing values: 0
2025-06-14 23:36:54,381 - INFO - Imputing var_31...
2025-06-14 23:36:54,382 - INFO - Imputed var_31. Missing values: 0
2025-06-14 23:36:54,382 - INFO - Imputing var_32...
2025-06-14 23:36:54,383 - INFO - Imputed var_32. Missing values: 0
2025-06-14 23:36:54,383 - INFO - Imputing var_35...
2025-06-14 23:36:54,384 - INFO - Imputed var_35. Missing values: 0
2025-06-14 23:36:54,384 - INFO - Imputing var_36...
2025-06-14 23:36:54,385 - INFO - Imputed var_36. Missing values: 0
2025-06-14 23:36:54,385 - INFO - Imputing var_37...
2025-06-14 23:36:54,386 - INFO - Imputed var_37. Missing values: 0
2025-06-14 23:36:54,386 - INFO - Imputing var_38...
2025-06-14 23:36:54,387 - INFO - Imputed var_38. Missing values: 0
2025-06-14 23:36:54,387 - INFO - Imputing var_40...
2025-06-14 23:36:54,389 - INFO - Imputed var_40. Missing values: 7
2025-06-14 23:36:54,389 - INFO - Imputing var_41...
2025-06-14 23:36:54,391 - INFO - Imputed var_41. Missing values: 0
2025-06-14 23:36:54,391 - INFO - Imputing var_42...
2025-06-14 23:36:54,392 - INFO - Imputed var_42. Missing values: 0
2025-06-14 23:36:54,393 - INFO - Imputing var_43...
2025-06-14 23:36:54,394 - INFO - Imputed var_43. Missing values: 0
2025-06-14 23:36:54,394 - INFO - Imputing var_44...
2025-06-14 23:36:54,395 - INFO - Imputed var_44. Missing values: 0
2025-06-14 23:36:54,395 - INFO - Imputing var_47...
2025-06-14 23:36:54,396 - INFO - Imputed var_47. Missing values: 0
2025-06-14 23:36:54,396 - INFO - Imputing var_48...
2025-06-14 23:36:54,397 - INFO - Imputed var_48. Missing values: 0
2025-06-14 23:36:54,397 - INFO - Imputing var_49...
2025-06-14 23:36:54,398 - INFO - Imputed var_49. Missing values: 0
2025-06-14 23:36:54,398 - INFO - Imputing var_50...
2025-06-14 23:36:54,399 - INFO - Imputed var_50. Missing values: 0
2025-06-14 23:36:54,399 - INFO - Imputing var_51...
2025-06-14 23:36:54,399 - INFO - Imputed var_51. Missing values: 0
2025-06-14 23:36:54,400 - INFO - Imputing var_52...
2025-06-14 23:36:54,400 - INFO - Imputed var_52. Missing values: 0
2025-06-14 23:36:54,400 - INFO - Imputing var_53...
2025-06-14 23:36:54,403 - INFO - Imputed var_53. Missing values: 0
2025-06-14 23:36:54,403 - INFO - Imputing var_54...
2025-06-14 23:36:54,404 - INFO - Imputed var_54. Missing values: 0
2025-06-14 23:36:54,405 - INFO - Imputing var_55...
2025-06-14 23:36:54,407 - INFO - Imputed var_55. Missing values: 0
2025-06-14 23:36:54,407 - INFO - Imputing var_56...
2025-06-14 23:36:54,408 - INFO - Imputed var_56. Missing values: 0
2025-06-14 23:36:54,408 - INFO - Imputing var_57...
2025-06-14 23:36:54,410 - INFO - Imputed var_57. Missing values: 0
2025-06-14 23:36:54,410 - INFO - Imputing var_58...
2025-06-14 23:36:54,411 - INFO - Imputed var_58. Missing values: 0
2025-06-14 23:36:54,411 - INFO - Imputing var_59...
2025-06-14 23:36:54,412 - INFO - Imputed var_59. Missing values: 0
2025-06-14 23:36:54,412 - INFO - Imputing var_60...
2025-06-14 23:36:54,413 - INFO - Imputed var_60. Missing values: 0
2025-06-14 23:36:54,413 - INFO - Imputing var_61...
2025-06-14 23:36:54,414 - INFO - Imputed var_61. Missing values: 0
2025-06-14 23:36:54,415 - INFO - Imputing var_62...
2025-06-14 23:36:54,416 - INFO - Imputed var_62. Missing values: 0
2025-06-14 23:36:54,416 - INFO - Imputing var_63...
2025-06-14 23:36:54,417 - INFO - Imputed var_63. Missing values: 0
2025-06-14 23:36:54,417 - INFO - Imputing var_64...
2025-06-14 23:36:54,418 - INFO - Imputed var_64. Missing values: 0
2025-06-14 23:36:54,418 - INFO - Imputing var_65...
2025-06-14 23:36:54,419 - INFO - Imputed var_65. Missing values: 0
2025-06-14 23:36:54,419 - INFO - Imputing var_66...
2025-06-14 23:36:54,419 - INFO - Imputed var_66. Missing values: 0
2025-06-14 23:36:54,420 - INFO - Imputing var_68...
2025-06-14 23:36:54,421 - INFO - Imputed var_68. Missing values: 0
2025-06-14 23:36:54,422 - INFO - Imputing var_69...
2025-06-14 23:36:54,425 - INFO - Imputed var_69. Missing values: 0
2025-06-14 23:36:54,425 - INFO - Imputing var_70...
2025-06-14 23:36:54,426 - INFO - Imputed var_70. Missing values: 0
2025-06-14 23:36:54,427 - INFO - Imputing var_71...
2025-06-14 23:36:54,428 - INFO - Imputed var_71. Missing values: 0
2025-06-14 23:36:54,428 - INFO - Imputing var_72...
2025-06-14 23:36:54,429 - INFO - Imputed var_72. Missing values: 0
2025-06-14 23:36:54,429 - INFO - Imputing var_73...
2025-06-14 23:36:54,430 - INFO - Imputed var_73. Missing values: 0
2025-06-14 23:36:54,430 - INFO - Imputing gender...
2025-06-14 23:36:54,431 - INFO - Imputed gender. Missing values: 0
2025-06-14 23:36:54,431 - INFO - Imputing city...
2025-06-14 23:36:54,436 - INFO - Imputed city. Missing values: 0
2025-06-14 23:36:54,437 - INFO - Imputing residence_ownership...
2025-06-14 23:36:54,438 - INFO - Imputed residence_ownership. Missing values: 0
2025-06-14 23:36:54,439 - INFO - Imputing device_model...
2025-06-14 23:36:54,441 - INFO - Imputed device_model. Missing values: 0
2025-06-14 23:36:54,441 - INFO - Imputing device_category...
2025-06-14 23:36:54,444 - INFO - Imputed device_category. Missing values: 0
2025-06-14 23:36:54,444 - INFO - Imputing platform...
2025-06-14 23:36:54,446 - INFO - Imputed platform. Missing values: 0
2025-06-14 23:36:54,446 - INFO - Imputing device_manufacturer...
2025-06-14 23:36:54,448 - INFO - Imputed device_manufacturer. Missing values: 0
2025-06-14 23:36:54,448 - INFO - Imputing var_74...
2025-06-14 23:36:54,449 - INFO - Imputed var_74. Missing values: 0
2025-06-14 23:36:54,450 - INFO - Imputing var_75...
2025-06-14 23:36:54,450 - INFO - Imputed var_75. Missing values: 0
2025-06-14 23:36:54,503 - INFO - Saved imputed data to data/Hackathon_bureau_data_400_imputed.csv
2025-06-14 23:36:55,800 - INFO - Column var_74 identified as categorical (e.g., 'Not Scored: No Updates available in last 36 months').
2025-06-14 23:36:55,800 - INFO - Column var_75 identified as categorical (e.g., 'PERFORM CONSUMER 2.0').
2025-06-14 23:36:55,800 - INFO - Total features for modeling: 80 (75 numeric, 5 categorical)
2025-06-14 23:36:55,800 - INFO - Features: ['var_0', 'var_1', 'var_2', 'var_3', 'var_4', 'var_5', 'var_6', 'var_7', 'var_8', 'var_9', 'var_10', 'var_11', 'var_12', 'var_13', 'var_14', 'var_15', 'var_16', 'var_17', 'var_18', 'var_19', 'var_20', 'var_21', 'var_22', 'var_23', 'var_24', 'var_25', 'var_26', 'var_27', 'var_28', 'var_29', 'var_30', 'var_31', 'var_32', 'var_33', 'var_34', 'var_35', 'var_36', 'var_37', 'var_38', 'var_39', 'var_40', 'var_41', 'var_42', 'var_43', 'var_44', 'var_45', 'var_46', 'var_47', 'var_48', 'var_49', 'var_50', 'var_51', 'var_52', 'var_53', 'var_54', 'var_55', 'var_56', 'var_57', 'var_58', 'var_59', 'var_60', 'var_61', 'var_62', 'var_63', 'var_64', 'var_65', 'var_66', 'var_67', 'var_68', 'var_69', 'var_70', 'var_71', 'var_72', 'var_73', 'age', 'residence_ownership', 'gender', 'marital_status', 'var_74', 'var_75']
